<?xml version="1.0" encoding="UTF-8"?>
<!-- Generated by org.testng.reporters.JUnitXMLReporter -->
<testsuite hostname="sys" ignored="1" name="Default test" tests="1" failures="0" timestamp="2020-02-09T21:52:39 EST" time="7.608" errors="0">
  <testcase name="invalidUserTest" time="1.494" classname="com.MerchantES.test.CreateUserTest"/>
  <testcase name="validUserTest" time="0.0" classname="com.MerchantES.test.CreateUserTest">
    <ignored/>
  </testcase> <!-- validUserTest -->
</testsuite> <!-- Default test -->
